生成启动时间为 2015/7/25 16:24:34。
     1>项目“D:\Programming\CZLibrary\CZLibrary\CZLibrary.vcxproj”在节点 2 上(Build 个目标)。
     1>ClCompile:
         C:\Program Files (x86)\Microsoft Visual Studio 12.0\VC\bin\CL.exe /c /ZI /nologo /W3 /WX- /sdl /Od /Oy- /D WIN32 /D _DEBUG /D _CONSOLE /D _LIB /D _UNICODE /D UNICODE /Gm /EHsc /RTC1 /MDd /GS /fp:precise /Zc:wchar_t /Zc:forScope /Fo"Debug\\" /Fd"Debug\vc120.pdb" /Gd /TP /analyze- /errorReport:prompt FileStream.cpp String.cpp test.cpp
         FileStream.cpp
     1>d:\programming\czlibrary\czlibrary\filestream.cpp(128): warning C4244: “参数”: 从“cz::cint”转换到“size_t”，可能丢失数据
     1>d:\programming\czlibrary\czlibrary\filestream.cpp(136): warning C4244: “参数”: 从“cz::cint”转换到“size_t”，可能丢失数据
     1>d:\programming\czlibrary\czlibrary\filestream.cpp(146): warning C4244: “参数”: 从“cz::cint”转换到“size_t”，可能丢失数据
         正在生成代码...
         正在编译...
         test.cpp
     1>d:\programming\czlibrary\czlibrary\test.cpp(23): warning C4018: “<”: 有符号/无符号不匹配
         正在生成代码...
         正在跳过...(未检测到相关更改)
         String.cpp
       Link:
         C:\Program Files (x86)\Microsoft Visual Studio 12.0\VC\bin\link.exe /ERRORREPORT:PROMPT /OUT:"D:\Programming\CZLibrary\Debug\CZLibrary.exe" /INCREMENTAL /NOLOGO kernel32.lib user32.lib gdi32.lib winspool.lib comdlg32.lib advapi32.lib shell32.lib ole32.lib oleaut32.lib uuid.lib odbc32.lib odbccp32.lib /MANIFEST /MANIFESTUAC:"level='asInvoker' uiAccess='false'" /manifest:embed /DEBUG /PDB:"D:\Programming\CZLibrary\Debug\CZLibrary.pdb" /SUBSYSTEM:CONSOLE /TLBID:1 /DYNAMICBASE /NXCOMPAT /IMPLIB:"D:\Programming\CZLibrary\Debug\CZLibrary.lib" /MACHINE:X86 Debug\Basics.obj
         Debug\FileStream.obj
         Debug\String.obj
         Debug\test.obj
         CZLibrary.vcxproj -> D:\Programming\CZLibrary\Debug\CZLibrary.exe
     1>已完成生成项目“D:\Programming\CZLibrary\CZLibrary\CZLibrary.vcxproj”(Build 个目标)的操作。

生成成功。

已用时间 00:00:01.72
